<?xml version="1.0" encoding="UTF-8"?>
<!-- Generated by org.testng.reporters.JUnitXMLReporter -->
<testsuite ignored="0" hostname="LAPTOP-L34T7JJ0" failures="1" tests="1" name="book" time="6.294" errors="0" timestamp="2024-11-12T12:46:38 IST">
  <testcase classname="testngpackage.Googlee" name="google" time="0.0">
    <failure type="org.testng.TestNGException" message="
Parameter &amp;apos;s&amp;apos; is required by @Test on method google but has not been marked @Optional or defined
in C:\Users\augna\eclipse-workspace\SeleniumProject\testnggoogle.xml">
      <![CDATA[org.testng.TestNGException: 
Parameter 's' is required by @Test on method google but has not been marked @Optional or defined
in C:\Users\augna\eclipse-workspace\SeleniumProject\testnggoogle.xml
at java.base/java.util.ArrayList.forEach(ArrayList.java:1596)
... Removed 26 stack frames]]>
    </failure>
  </testcase> <!-- google -->
</testsuite> <!-- book -->
